\BOOKMARK [0][-]{chapter.1}{Introduction}{}% 1
\BOOKMARK [0][-]{chapter.2}{Approximation\040of\040a\040single\040root}{}% 2
\BOOKMARK [1][-]{section.2.1}{\040Definitions}{chapter.2}% 3
\BOOKMARK [2][-]{subsection.2.1.1}{\040Univariate\040polynomial}{section.2.1}% 4
\BOOKMARK [2][-]{subsection.2.1.2}{\040Roots\040of\040a\040univariate\040polynomial}{section.2.1}% 5
\BOOKMARK [1][-]{section.2.2}{\040Approximation\040of\040a\040root\040using\040iterative\040methods}{chapter.2}% 6
\BOOKMARK [2][-]{subsection.2.2.1}{\040Bisection\040method}{section.2.2}% 7
\BOOKMARK [2][-]{subsection.2.2.2}{\040Newton's\040method}{section.2.2}% 8
\BOOKMARK [2][-]{subsection.2.2.3}{\040Halley's\040method}{section.2.2}% 9
\BOOKMARK [0][-]{chapter.3}{Solving\040polynomials}{}% 10
\BOOKMARK [1][-]{section.3.1}{\040Ruffini-Horner's\040method}{chapter.3}% 11
\BOOKMARK [1][-]{section.3.2}{\040Isolation\040of\040the\040roots}{chapter.3}% 12
\BOOKMARK [2][-]{subsection.3.2.1}{\040Isolation\040of\040roots\040using\040Sturm's\040theorem}{section.3.2}% 13
\BOOKMARK [2][-]{subsection.3.2.2}{\040Isolation\040of\040roots\040using\040Vincent's\040theorem}{section.3.2}% 14
\BOOKMARK [0][-]{chapter.4}{Implementation}{}% 15
\BOOKMARK [1][-]{section.4.1}{\040State\040of\040the\040art}{chapter.4}% 16
\BOOKMARK [1][-]{section.4.2}{\040PolynomialRoots\040implementation}{chapter.4}% 17
\BOOKMARK [0][-]{chapter.5}{Experiments}{}% 18
\BOOKMARK [0][-]{chapter.6}{Conclusion}{}% 19
\BOOKMARK [0][-]{chapter*.17}{Bibliography}{}% 20
\BOOKMARK [0][-]{chapter.7}{Appendix}{}% 21
